<?xml version="1.0" encoding="UTF-8"?>
<!-- Generated by org.testng.reporters.JUnitReportReporter -->
<testsuite hostname="JAY-PC" failures="0" tests="1" name="TestNG.TestNG8" time="29.570" errors="0" timestamp="2023-01-02T21:35:45 IST" skipped="0">
  <testcase classname="TestNG.TestNG8" name="createCustomer" time="29.570"/>
  <system-out>
    <![CDATA[customer created]]>
  </system-out>
</testsuite> <!-- TestNG.TestNG8 -->
