<?xml version="1.0" encoding="UTF-8"?>
<!-- Generated by org.testng.reporters.JUnitReportReporter -->
<testsuite hostname="JAY-PC" failures="0" tests="3" name="TestNG.TestNG6" time="0.008" errors="0" timestamp="2022-12-30T21:16:02 IST" skipped="0">
  <testcase classname="TestNG.TestNG6" name="createFile" time="0.003"/>
  <system-out>
    <![CDATA[File created]]>
  </system-out>
  <testcase classname="TestNG.TestNG6" name="deleteFile" time="0.003"/>
  <system-out>
    <![CDATA[File deleted]]>
  </system-out>
  <testcase classname="TestNG.TestNG6" name="modifyFile" time="0.002"/>
  <system-out>
    <![CDATA[File modified]]>
  </system-out>
</testsuite> <!-- TestNG.TestNG6 -->
