<?xml version="1.0" encoding="UTF-8"?>
<!-- Generated by org.testng.reporters.JUnitReportReporter -->
<testsuite hostname="JAY-PC" failures="0" tests="1" name="TestNG.softassert" time="79.342" errors="0" timestamp="2023-01-27T08:17:17 IST" skipped="0">
  <testcase classname="TestNG.softassert" name="verify" time="79.342"/>
  <system-out/>
</testsuite> <!-- TestNG.softassert -->
