<?xml version="1.0" encoding="UTF-8"?>
<!-- Generated by org.testng.reporters.JUnitReportReporter -->
<testsuite hostname="JAY-PC" failures="0" tests="1" name="qsp.Demo74" time="0.015" errors="0" timestamp="2022-12-30T01:07:01 IST" skipped="0">
  <testcase classname="qsp.Demo74" name="demo" time="0.015"/>
  <system-out>
    <![CDATA[hi]]>
  </system-out>
</testsuite> <!-- qsp.Demo74 -->
