<?xml version="1.0" encoding="UTF-8"?>
<!-- Generated by org.testng.reporters.JUnitReportReporter -->
<testsuite hostname="JAY-PC" failures="0" tests="1" name="TestNG.Verification" time="65.238" errors="0" timestamp="2023-01-27T08:12:16 IST" skipped="0">
  <testcase classname="TestNG.Verification" name="verify" time="65.238"/>
  <system-out>
    <![CDATA[Title is not matching]]>
  </system-out>
</testsuite> <!-- TestNG.Verification -->
