<?xml version="1.0" encoding="UTF-8"?>
<!-- Generated by org.testng.reporters.JUnitReportReporter -->
<testsuite hostname="JAY-PC" failures="0" tests="1" name="TestNG.TestNG13" time="21.744" errors="0" timestamp="2023-01-04T21:15:01 IST" skipped="0">
  <testcase classname="TestNG.TestNG13" name="verify" time="21.744"/>
  <system-out>
    <![CDATA[Title is not matching]]>
  </system-out>
</testsuite> <!-- TestNG.TestNG13 -->
