<?xml version="1.0" encoding="UTF-8"?>
<!-- Generated by org.testng.reporters.JUnitReportReporter -->
<testsuite hostname="JAY-PC" failures="0" tests="4" name="TestNG.TestNG1" time="0.034" errors="0" timestamp="2023-01-27T07:52:56 IST" skipped="0">
  <testcase classname="TestNG.TestNG1" name="demo1" time="0.003"/>
  <system-out>
    <![CDATA[hi]]>
  </system-out>
  <testcase classname="TestNG.TestNG1" name="demo3" time="0.004"/>
  <system-out>
    <![CDATA[hi]]>
  </system-out>
  <testcase classname="TestNG.TestNG1" name="demo" time="0.024"/>
  <system-out>
    <![CDATA[hi]]>
  </system-out>
  <testcase classname="TestNG.TestNG1" name="demo2" time="0.003"/>
  <system-out>
    <![CDATA[hi]]>
  </system-out>
</testsuite> <!-- TestNG.TestNG1 -->
