<?xml version="1.0" encoding="UTF-8"?>
<!-- Generated by org.testng.reporters.JUnitReportReporter -->
<testsuite hostname="JAY-PC" failures="0" tests="7" name="TestNG.invocationcount" time="0.052" errors="0" timestamp="2023-01-27T07:56:33 IST" skipped="0">
  <testcase classname="TestNG.invocationcount" name="createcustomer" time="0.004"/>
  <system-out>
    <![CDATA[customer created]]>
  </system-out>
  <testcase classname="TestNG.invocationcount" name="createcustomer" time="0.004"/>
  <system-out>
    <![CDATA[customer created]]>
  </system-out>
  <testcase classname="TestNG.invocationcount" name="deletecustomer" time="0.003"/>
  <system-out>
    <![CDATA[customer deleted]]>
  </system-out>
  <testcase classname="TestNG.invocationcount" name="createcustomer" time="0.002"/>
  <system-out>
    <![CDATA[customer created]]>
  </system-out>
  <testcase classname="TestNG.invocationcount" name="editcustomer" time="0.004"/>
  <system-out>
    <![CDATA[customer edited]]>
  </system-out>
  <testcase classname="TestNG.invocationcount" name="createcustomer" time="0.033"/>
  <system-out>
    <![CDATA[customer created]]>
  </system-out>
  <testcase classname="TestNG.invocationcount" name="createcustomer" time="0.002"/>
  <system-out>
    <![CDATA[customer created]]>
  </system-out>
</testsuite> <!-- TestNG.invocationcount -->
