<?xml version="1.0" encoding="UTF-8"?>
<!-- Generated by org.testng.reporters.JUnitReportReporter -->
<testsuite hostname="JAY-PC" failures="0" tests="4" name="qsp.Demo75" time="0.019" errors="0" timestamp="2022-12-30T00:52:03 IST" skipped="0">
  <testcase classname="qsp.Demo75" name="demo1" time="0.002"/>
  <system-out>
    <![CDATA[hi]]>
  </system-out>
  <testcase classname="qsp.Demo75" name="demo3" time="0.002"/>
  <system-out>
    <![CDATA[hi]]>
  </system-out>
  <testcase classname="qsp.Demo75" name="demo" time="0.014"/>
  <system-out>
    <![CDATA[hi]]>
  </system-out>
  <testcase classname="qsp.Demo75" name="demo2" time="0.001"/>
  <system-out>
    <![CDATA[hi]]>
  </system-out>
</testsuite> <!-- qsp.Demo75 -->
