<?xml version="1.0" encoding="UTF-8"?>
<!-- Generated by org.testng.reporters.JUnitReportReporter -->
<testsuite hostname="JAY-PC" failures="0" tests="7" name="TestNG.TestNG3" time="0.054" errors="0" timestamp="2023-01-27T07:54:46 IST" skipped="0">
  <testcase classname="TestNG.TestNG3" name="createcustomer" time="0.003"/>
  <system-out>
    <![CDATA[customer created]]>
  </system-out>
  <testcase classname="TestNG.TestNG3" name="createcustomer" time="0.004"/>
  <system-out>
    <![CDATA[customer created]]>
  </system-out>
  <testcase classname="TestNG.TestNG3" name="deletecustomer" time="0.003"/>
  <system-out>
    <![CDATA[customer deleted]]>
  </system-out>
  <testcase classname="TestNG.TestNG3" name="createcustomer" time="0.004"/>
  <system-out>
    <![CDATA[customer created]]>
  </system-out>
  <testcase classname="TestNG.TestNG3" name="editcustomer" time="0.005"/>
  <system-out>
    <![CDATA[customer edited]]>
  </system-out>
  <testcase classname="TestNG.TestNG3" name="createcustomer" time="0.031"/>
  <system-out>
    <![CDATA[customer created]]>
  </system-out>
  <testcase classname="TestNG.TestNG3" name="createcustomer" time="0.004"/>
  <system-out>
    <![CDATA[customer created]]>
  </system-out>
</testsuite> <!-- TestNG.TestNG3 -->
