<?xml version="1.0" encoding="UTF-8"?>
<!-- Generated by org.testng.reporters.JUnitReportReporter -->
<testsuite hostname="JAY-PC" failures="0" tests="3" name="TestNG.TestNG5" time="0.042" errors="0" timestamp="2023-01-27T08:00:47 IST" skipped="0">
  <testcase classname="TestNG.TestNG5" name="modifyProject" time="0.004"/>
  <system-out>
    <![CDATA[project modified]]>
  </system-out>
  <testcase classname="TestNG.TestNG5" name="deleteProject" time="0.005"/>
  <system-out>
    <![CDATA[project deleted]]>
  </system-out>
  <testcase classname="TestNG.TestNG5" name="createProject" time="0.033"/>
  <system-out>
    <![CDATA[project created]]>
  </system-out>
</testsuite> <!-- TestNG.TestNG5 -->
