<?xml version="1.0" encoding="UTF-8"?>
<!-- Generated by org.testng.reporters.JUnitReportReporter -->
<testsuite hostname="JAY-PC" failures="0" tests="1" name="TestNG.TestNG14" time="19.410" errors="0" timestamp="2023-01-05T22:35:45 IST" skipped="0">
  <testcase classname="TestNG.TestNG14" name="verify" time="19.410"/>
  <system-out/>
</testsuite> <!-- TestNG.TestNG14 -->
