<?xml version="1.0" encoding="UTF-8"?>
<!-- Generated by org.testng.reporters.JUnitReportReporter -->
<testsuite hostname="JAY-PC" failures="0" tests="3" name="TestNG.TestNG2" time="0.035" errors="0" timestamp="2023-01-27T07:53:40 IST" skipped="0">
  <testcase classname="TestNG.TestNG2" name="editcustomer" time="0.004"/>
  <system-out>
    <![CDATA[customer edited]]>
  </system-out>
  <testcase classname="TestNG.TestNG2" name="deletecustomer" time="0.003"/>
  <system-out>
    <![CDATA[customer deleted]]>
  </system-out>
  <testcase classname="TestNG.TestNG2" name="createcustomer" time="0.028"/>
  <system-out>
    <![CDATA[customer created]]>
  </system-out>
</testsuite> <!-- TestNG.TestNG2 -->
