<?xml version="1.0" encoding="UTF-8"?>
<!-- Generated by org.testng.reporters.JUnitReportReporter -->
<testsuite hostname="JAY-PC" failures="0" tests="7" name="qsp.Demo77" time="0.023" errors="0" timestamp="2022-12-30T01:03:30 IST" skipped="0">
  <testcase classname="qsp.Demo77" name="createcustomer" time="0.001"/>
  <system-out>
    <![CDATA[customer created]]>
  </system-out>
  <testcase classname="qsp.Demo77" name="createcustomer" time="0.001"/>
  <system-out>
    <![CDATA[customer created]]>
  </system-out>
  <testcase classname="qsp.Demo77" name="deletecustomer" time="0.002"/>
  <system-out>
    <![CDATA[customer deleted]]>
  </system-out>
  <testcase classname="qsp.Demo77" name="createcustomer" time="0.002"/>
  <system-out>
    <![CDATA[customer created]]>
  </system-out>
  <testcase classname="qsp.Demo77" name="editcustomer" time="0.002"/>
  <system-out>
    <![CDATA[customer edited]]>
  </system-out>
  <testcase classname="qsp.Demo77" name="createcustomer" time="0.014"/>
  <system-out>
    <![CDATA[customer created]]>
  </system-out>
  <testcase classname="qsp.Demo77" name="createcustomer" time="0.001"/>
  <system-out>
    <![CDATA[customer created]]>
  </system-out>
</testsuite> <!-- qsp.Demo77 -->
