<?xml version="1.0" encoding="UTF-8"?>
<!-- Generated by org.testng.reporters.JUnitReportReporter -->
<testsuite hostname="JAY-PC" failures="0" tests="7" name="TestNG.Demo77" time="0.063" errors="0" timestamp="2022-12-30T20:41:40 IST" skipped="0">
  <testcase classname="TestNG.Demo77" name="createcustomer" time="0.005"/>
  <system-out>
    <![CDATA[customer created]]>
  </system-out>
  <testcase classname="TestNG.Demo77" name="createcustomer" time="0.005"/>
  <system-out>
    <![CDATA[customer created]]>
  </system-out>
  <testcase classname="TestNG.Demo77" name="deletecustomer" time="0.004"/>
  <system-out>
    <![CDATA[customer deleted]]>
  </system-out>
  <testcase classname="TestNG.Demo77" name="createcustomer" time="0.004"/>
  <system-out>
    <![CDATA[customer created]]>
  </system-out>
  <testcase classname="TestNG.Demo77" name="editcustomer" time="0.004"/>
  <system-out>
    <![CDATA[customer edited]]>
  </system-out>
  <testcase classname="TestNG.Demo77" name="createcustomer" time="0.038"/>
  <system-out>
    <![CDATA[customer created]]>
  </system-out>
  <testcase classname="TestNG.Demo77" name="createcustomer" time="0.003"/>
  <system-out>
    <![CDATA[customer created]]>
  </system-out>
</testsuite> <!-- TestNG.Demo77 -->
