<?xml version="1.0" encoding="UTF-8"?>
<!-- Generated by org.testng.reporters.JUnitReportReporter -->
<testsuite hostname="JAY-PC" failures="0" tests="1" name="TestNG.TestNG10" time="6.303" errors="0" timestamp="2023-01-03T22:07:34 IST" skipped="0">
  <testcase classname="TestNG.TestNG10" name="GetScreenShot" time="6.303"/>
  <system-out/>
</testsuite> <!-- TestNG.TestNG10 -->
