<?xml version="1.0" encoding="UTF-8"?>
<!-- Generated by org.testng.reporters.JUnitReportReporter -->
<testsuite hostname="JAY-PC" failures="0" tests="1" name="TestNG.TestNG7" time="0.012" errors="0" timestamp="2023-01-02T20:47:14 IST" skipped="0">
  <testcase classname="TestNG.TestNG7" name="createCustomer" time="0.012"/>
  <system-out>
    <![CDATA[Customer created]]>
  </system-out>
</testsuite> <!-- TestNG.TestNG7 -->
