<?xml version="1.0" encoding="UTF-8"?>
<!-- Generated by org.testng.reporters.JUnitReportReporter -->
<testsuite hostname="JAY-PC" failures="0" tests="1" name="TestNG.TestNG" time="0.044" errors="0" timestamp="2023-01-27T07:51:09 IST" skipped="0">
  <testcase classname="TestNG.TestNG" name="demo" time="0.044"/>
  <system-out>
    <![CDATA[hi]]>
  </system-out>
</testsuite> <!-- TestNG.TestNG -->
