<?xml version="1.0" encoding="UTF-8"?>
<!-- Generated by org.testng.reporters.JUnitReportReporter -->
<testsuite hostname="JAY-PC" failures="0" tests="1" name="Pom.PomUtilization" time="65.971" errors="0" timestamp="2023-01-05T23:15:43 IST" skipped="0">
  <testcase classname="Pom.PomUtilization" name="login" time="65.971"/>
  <system-out/>
</testsuite> <!-- Pom.PomUtilization -->
