<?xml version="1.0" encoding="UTF-8"?>
<!-- Generated by org.testng.reporters.JUnitReportReporter -->
<testsuite hostname="JAY-PC" failures="0" tests="3" name="qsp.Demo76" time="0.020" errors="0" timestamp="2022-12-30T01:03:07 IST" skipped="0">
  <testcase classname="qsp.Demo76" name="editcustomer" time="0.002"/>
  <system-out>
    <![CDATA[customer edited]]>
  </system-out>
  <testcase classname="qsp.Demo76" name="deletecustomer" time="0.002"/>
  <system-out>
    <![CDATA[customer deleted]]>
  </system-out>
  <testcase classname="qsp.Demo76" name="createcustomer" time="0.016"/>
  <system-out>
    <![CDATA[customer created]]>
  </system-out>
</testsuite> <!-- qsp.Demo76 -->
