<?xml version="1.0" encoding="UTF-8"?>
<!-- Generated by org.testng.reporters.JUnitReportReporter -->
<testsuite hostname="JAY-PC" failures="0" tests="2" name="TestNG.TestNG9" time="48.666" errors="0" timestamp="2023-01-03T01:29:33 IST" skipped="0">
  <testcase classname="TestNG.TestNG9" name="createCustomer" time="12.474"/>
  <system-out>
    <![CDATA[Customer Created successfully]]>
  </system-out>
  <testcase classname="TestNG.TestNG9" name="modifyCustomer" time="36.192"/>
  <system-out>
    <![CDATA[Customer Modified successfully]]>
  </system-out>
</testsuite> <!-- TestNG.TestNG9 -->
